<?xml version="1.0" encoding="UTF-8"?>
<testng-results ignored="0" total="2" passed="2" failed="0" skipped="0">
  <reporter-output>
  </reporter-output>
  <suite started-at="2024-03-16T22:41:16 IST" name="Default suite" finished-at="2024-03-16T22:41:20 IST" duration-ms="3073">
    <groups>
    </groups>
    <test started-at="2024-03-16T22:41:16 IST" name="Default test" finished-at="2024-03-16T22:41:20 IST" duration-ms="3073">
      <class name="com.Reqres.TestScripts.CreateResource">
        <test-method signature="createResource()[pri:0, instance:com.Reqres.TestScripts.CreateResource@1b11171f]" started-at="2024-03-16T22:41:17 IST" name="createResource" finished-at="2024-03-16T22:41:19 IST" duration-ms="2617" status="PASS">
          <reporter-output>
          </reporter-output>
        </test-method> <!-- createResource -->
        <test-method signature="getSingleResource()[pri:0, instance:com.Reqres.TestScripts.CreateResource@1b11171f]" started-at="2024-03-16T22:41:19 IST" name="getSingleResource" finished-at="2024-03-16T22:41:20 IST" depends-on-methods="com.Reqres.TestScripts.CreateResource.createResource" duration-ms="405" status="PASS">
          <reporter-output>
          </reporter-output>
        </test-method> <!-- getSingleResource -->
      </class> <!-- com.Reqres.TestScripts.CreateResource -->
    </test> <!-- Default test -->
  </suite> <!-- Default suite -->
</testng-results>
